TN:
SF:C:\Users\Cathy\Documents\Fomartion TACT\Angular OVG\front\src\polyfills.ts
FNF:0
FNH:0
LF:0
LH:0
BRF:0
BRH:0
end_of_record
TN:
SF:C:\Users\Cathy\Documents\Fomartion TACT\Angular OVG\front\src\test.ts
FNF:0
FNH:0
DA:13,1
DA:18,1
DA:20,1
LF:3
LH:3
BRF:0
BRH:0
end_of_record
TN:
SF:C:\Users\Cathy\Documents\Fomartion TACT\Angular OVG\front\src\app\app-routing.module.ts
FN:22,(anonymous_0)
FNF:1
FNH:1
FNDA:3,(anonymous_0)
DA:9,1
DA:22,1
LF:2
LH:2
BRF:0
BRH:0
end_of_record
TN:
SF:C:\Users\Cathy\Documents\Fomartion TACT\Angular OVG\front\src\app\app.component.ts
FN:8,(anonymous_0)
FN:3,AppComponent
FNF:2
FNH:2
FNDA:1,(anonymous_0)
FNDA:2,AppComponent
DA:8,1
DA:9,2
DA:10,1
LF:3
LH:3
BRF:0
BRH:0
end_of_record
TN:
SF:C:\Users\Cathy\Documents\Fomartion TACT\Angular OVG\front\src\app\app.module.ts
FN:29,(anonymous_0)
FNF:1
FNH:1
FNDA:3,(anonymous_0)
DA:29,1
LF:1
LH:1
BRF:0
BRH:0
end_of_record
TN:
SF:C:\Users\Cathy\Documents\Fomartion TACT\Angular OVG\front\src\app\event\event-api.service.ts
FN:13,(anonymous_0)
FN:15,EventApiService
FN:16,(anonymous_2)
FNF:3
FNH:3
FNDA:1,(anonymous_0)
FNDA:2,EventApiService
FNDA:1,(anonymous_2)
DA:13,1
DA:15,2
DA:16,1
DA:17,1
DA:19,1
LF:5
LH:5
BRF:0
BRH:0
end_of_record
TN:
SF:C:\Users\Cathy\Documents\Fomartion TACT\Angular OVG\front\src\app\event\event.module.ts
FN:16,(anonymous_0)
FNF:1
FNH:1
FNDA:3,(anonymous_0)
DA:16,1
LF:1
LH:1
BRF:0
BRH:0
end_of_record
TN:
SF:C:\Users\Cathy\Documents\Fomartion TACT\Angular OVG\front\src\app\event\event-form\event-form.component.ts
FN:9,(anonymous_0)
FN:15,EventFormComponent
FN:17,(anonymous_2)
FN:20,(anonymous_3)
FNF:4
FNH:2
FNDA:1,(anonymous_0)
FNDA:1,EventFormComponent
FNDA:0,(anonymous_2)
FNDA:0,(anonymous_3)
DA:9,1
DA:11,1
DA:13,1
DA:15,1
DA:17,1
DA:18,0
DA:20,1
DA:24,1
LF:8
LH:7
BRF:0
BRH:0
end_of_record
TN:
SF:C:\Users\Cathy\Documents\Fomartion TACT\Angular OVG\front\src\app\event\event-form\event-form.module.ts
FN:15,(anonymous_0)
FNF:1
FNH:1
FNDA:3,(anonymous_0)
DA:15,1
LF:1
LH:1
BRF:0
BRH:0
end_of_record
TN:
SF:C:\Users\Cathy\Documents\Fomartion TACT\Angular OVG\front\src\app\event\event-list\event-list.component.ts
FN:12,(anonymous_0)
FN:16,EventListComponent
FN:20,(anonymous_2)
FN:22,(anonymous_3)
FN:25,(anonymous_4)
FNF:5
FNH:4
FNDA:1,(anonymous_0)
FNDA:1,EventListComponent
FNDA:1,(anonymous_2)
FNDA:1,(anonymous_3)
FNDA:0,(anonymous_4)
DA:12,1
DA:14,1
DA:16,1
DA:18,1
DA:20,1
DA:21,1
DA:22,1
DA:25,1
DA:26,0
DA:27,0
DA:29,1
LF:11
LH:9
BRF:0
BRH:0
end_of_record
TN:
SF:C:\Users\Cathy\Documents\Fomartion TACT\Angular OVG\front\src\app\event\event-list\event-list.module.ts
FN:20,(anonymous_0)
FNF:1
FNH:1
FNDA:4,(anonymous_0)
DA:20,1
LF:1
LH:1
BRF:0
BRH:0
end_of_record
TN:
SF:C:\Users\Cathy\Documents\Fomartion TACT\Angular OVG\front\src\app\event\event-list\event-list-card\event-list-card.component.ts
FN:8,(anonymous_0)
FN:14,EventListCardComponent
FN:16,(anonymous_2)
FNF:3
FNH:3
FNDA:1,(anonymous_0)
FNDA:1,EventListCardComponent
FNDA:1,(anonymous_2)
DA:8,1
DA:10,1
DA:11,1
DA:12,1
DA:16,1
DA:18,1
LF:6
LH:6
BRF:0
BRH:0
end_of_record
TN:
SF:C:\Users\Cathy\Documents\Fomartion TACT\Angular OVG\front\src\app\event\event-list\event-list-inline\event-list-inline.component.ts
FN:8,(anonymous_0)
FN:13,EventListInlineComponent
FN:15,(anonymous_2)
FNF:3
FNH:3
FNDA:1,(anonymous_0)
FNDA:1,EventListInlineComponent
FNDA:1,(anonymous_2)
DA:8,1
DA:10,1
DA:11,1
DA:12,1
DA:15,1
DA:18,1
LF:6
LH:6
BRF:0
BRH:0
end_of_record
TN:
SF:C:\Users\Cathy\Documents\Fomartion TACT\Angular OVG\front\src\app\event\event-list\event-list-toggle\event-list-toggle.component.ts
FN:9,(anonymous_0)
FN:14,EventListToggleComponent
FN:16,(anonymous_2)
FN:18,(anonymous_3)
FNF:4
FNH:3
FNDA:1,(anonymous_0)
FNDA:2,EventListToggleComponent
FNDA:2,(anonymous_2)
FNDA:0,(anonymous_3)
DA:9,1
DA:12,2
DA:16,1
DA:18,1
DA:19,0
DA:23,1
LF:6
LH:5
BRF:0
BRH:0
end_of_record
TN:
SF:C:\Users\Cathy\Documents\Fomartion TACT\Angular OVG\front\src\app\shared\shared.module.ts
FN:13,(anonymous_0)
FNF:1
FNH:1
FNDA:3,(anonymous_0)
DA:13,1
LF:1
LH:1
BRF:0
BRH:0
end_of_record
TN:
SF:C:\Users\Cathy\Documents\Fomartion TACT\Angular OVG\front\src\app\shared\toolbar\toolbar.module.ts
FN:21,(anonymous_0)
FNF:1
FNH:1
FNDA:3,(anonymous_0)
DA:21,1
LF:1
LH:1
BRF:0
BRH:0
end_of_record
TN:
SF:C:\Users\Cathy\Documents\Fomartion TACT\Angular OVG\front\src\app\shared\toolbar\toolbar\toolbar.component.ts
FN:8,(anonymous_0)
FN:10,ToolbarComponent
FN:12,(anonymous_2)
FNF:3
FNH:3
FNDA:1,(anonymous_0)
FNDA:3,ToolbarComponent
FNDA:1,(anonymous_2)
DA:8,1
DA:12,1
DA:15,1
LF:3
LH:3
BRF:0
BRH:0
end_of_record
TN:
SF:C:\Users\Cathy\Documents\Fomartion TACT\Angular OVG\front\src\app\user\user.module.ts
FN:17,(anonymous_0)
FNF:1
FNH:1
FNDA:3,(anonymous_0)
DA:17,1
LF:1
LH:1
BRF:0
BRH:0
end_of_record
TN:
SF:C:\Users\Cathy\Documents\Fomartion TACT\Angular OVG\front\src\app\user\user-form\user-form.module.ts
FN:25,(anonymous_0)
FNF:1
FNH:1
FNDA:3,(anonymous_0)
DA:25,1
LF:1
LH:1
BRF:0
BRH:0
end_of_record
TN:
SF:C:\Users\Cathy\Documents\Fomartion TACT\Angular OVG\front\src\app\user\user-form\user-edit\user-edit.component.ts
FN:8,(anonymous_0)
FN:10,UserEditComponent
FN:12,(anonymous_2)
FNF:3
FNH:3
FNDA:1,(anonymous_0)
FNDA:1,UserEditComponent
FNDA:1,(anonymous_2)
DA:8,1
DA:12,1
DA:15,1
LF:3
LH:3
BRF:0
BRH:0
end_of_record
TN:
SF:C:\Users\Cathy\Documents\Fomartion TACT\Angular OVG\front\src\app\user\user-form\user-signin\user-signin.component.ts
FN:8,(anonymous_0)
FN:10,UserSigninComponent
FN:12,(anonymous_2)
FNF:3
FNH:3
FNDA:1,(anonymous_0)
FNDA:1,UserSigninComponent
FNDA:1,(anonymous_2)
DA:8,1
DA:12,1
DA:15,1
LF:3
LH:3
BRF:0
BRH:0
end_of_record
TN:
SF:C:\Users\Cathy\Documents\Fomartion TACT\Angular OVG\front\src\app\user\user-form\user-signup\user-signup.component.ts
FN:9,(anonymous_0)
FN:19,UserSignupComponent
FN:21,(anonymous_2)
FNF:3
FNH:2
FNDA:1,(anonymous_0)
FNDA:1,UserSignupComponent
FNDA:0,(anonymous_2)
DA:9,1
DA:11,1
DA:19,1
DA:21,1
DA:26,1
LF:5
LH:5
BRF:0
BRH:0
end_of_record
TN:
SF:C:\Users\Cathy\Documents\Fomartion TACT\Angular OVG\front\src\app\user\user-list\user-list.component.ts
FN:8,(anonymous_0)
FN:10,UserListComponent
FN:12,(anonymous_2)
FNF:3
FNH:3
FNDA:1,(anonymous_0)
FNDA:1,UserListComponent
FNDA:1,(anonymous_2)
DA:8,1
DA:12,1
DA:15,1
LF:3
LH:3
BRF:0
BRH:0
end_of_record
TN:
SF:C:\Users\Cathy\Documents\Fomartion TACT\Angular OVG\front\src\app\user\user-list\user-list.module.ts
FN:12,(anonymous_0)
FNF:1
FNH:1
FNDA:3,(anonymous_0)
DA:12,1
LF:1
LH:1
BRF:0
BRH:0
end_of_record
